[debug] [2023-10-14T18:51:29.167Z] ----------------------------------------------------------------------
[debug] [2023-10-14T18:51:29.173Z] Command:       C:\Program Files\nodejs\node.exe C:\Program Files\nodejs\node_modules\firebase-tools\lib\bin\firebase.js init
[debug] [2023-10-14T18:51:29.174Z] CLI Version:   12.6.2
[debug] [2023-10-14T18:51:29.175Z] Platform:      win32
[debug] [2023-10-14T18:51:29.175Z] Node Version:  v18.16.1
[debug] [2023-10-14T18:51:29.177Z] Time:          Sat Oct 14 2023 23:51:29 GMT+0500 (Pakistan Standard Time)
[debug] [2023-10-14T18:51:29.178Z] ----------------------------------------------------------------------
[debug] 
[debug] [2023-10-14T18:51:29.203Z] > command requires scopes: ["email","openid","https://www.googleapis.com/auth/cloudplatformprojects.readonly","https://www.googleapis.com/auth/firebase","https://www.googleapis.com/auth/cloud-platform"]
[debug] [2023-10-14T18:51:29.265Z] > authorizing via signed-in user (harisahmed314@gmail.com)
[info] 
     ######## #### ########  ######## ########     ###     ######  ########
     ##        ##  ##     ## ##       ##     ##  ##   ##  ##       ##
     ######    ##  ########  ######   ########  #########  ######  ######
     ##        ##  ##    ##  ##       ##     ## ##     ##       ## ##
     ##       #### ##     ## ######## ########  ##     ##  ######  ########

You're about to initialize a Firebase project in this directory:

  D:\next js project\olx_clone

[info] 
=== Project Setup
[info] 
[info] First, let's associate this project directory with a Firebase project.
[info] You can create multiple project aliases by running firebase use --add, 
[info] but for now we'll just set up a default project.
[info] 
[debug] [2023-10-14T18:52:05.363Z] > refreshing access token with scopes: []
[debug] [2023-10-14T18:52:05.376Z] >>> [apiv2][query] POST https://www.googleapis.com/oauth2/v3/token [none]
[debug] [2023-10-14T18:52:05.377Z] >>> [apiv2][body] POST https://www.googleapis.com/oauth2/v3/token [omitted]
[debug] [2023-10-14T18:52:06.256Z] <<< [apiv2][status] POST https://www.googleapis.com/oauth2/v3/token 200
[debug] [2023-10-14T18:52:06.257Z] <<< [apiv2][body] POST https://www.googleapis.com/oauth2/v3/token [omitted]
[debug] [2023-10-14T18:52:06.327Z] >>> [apiv2][query] GET https://firebase.googleapis.com/v1beta1/projects pageSize=100
[debug] [2023-10-14T18:52:07.410Z] <<< [apiv2][status] GET https://firebase.googleapis.com/v1beta1/projects 200
[debug] [2023-10-14T18:52:07.410Z] <<< [apiv2][body] GET https://firebase.googleapis.com/v1beta1/projects [omitted]
[info] i  Using project olxclone-4010f (olxclone) 
[info] 
=== Firestore Setup
[debug] [2023-10-14T18:52:11.220Z] >>> [apiv2][query] GET https://serviceusage.googleapis.com/v1/projects/olxclone-4010f/services/firestore.googleapis.com [none]
[debug] [2023-10-14T18:52:11.220Z] >>> [apiv2][(partial)header] GET https://serviceusage.googleapis.com/v1/projects/olxclone-4010f/services/firestore.googleapis.com x-goog-quota-user=projects/olxclone-4010f
[debug] [2023-10-14T18:52:13.203Z] <<< [apiv2][status] GET https://serviceusage.googleapis.com/v1/projects/olxclone-4010f/services/firestore.googleapis.com 200
[debug] [2023-10-14T18:52:13.204Z] <<< [apiv2][body] GET https://serviceusage.googleapis.com/v1/projects/olxclone-4010f/services/firestore.googleapis.com [omitted]
[debug] [2023-10-14T18:52:13.205Z] >>> [apiv2][query] GET https://firestore.googleapis.com/v1/projects/olxclone-4010f/databases/(default) [none]
[debug] [2023-10-14T18:52:15.124Z] <<< [apiv2][status] GET https://firestore.googleapis.com/v1/projects/olxclone-4010f/databases/(default) 200
[debug] [2023-10-14T18:52:15.125Z] <<< [apiv2][body] GET https://firestore.googleapis.com/v1/projects/olxclone-4010f/databases/(default) {"name":"projects/olxclone-4010f/databases/(default)","uid":"b67ed308-d08d-47e5-8f79-89b8bb66e9ea","createTime":"2023-10-11T06:07:58.823598Z","updateTime":"2023-10-11T06:07:58.823598Z","locationId":"nam5","type":"FIRESTORE_NATIVE","concurrencyMode":"PESSIMISTIC","versionRetentionPeriod":"3600s","earliestVersionTime":"2023-10-14T17:52:14.560101Z","appEngineIntegrationMode":"DISABLED","keyPrefix":"s","pointInTimeRecoveryEnablement":"POINT_IN_TIME_RECOVERY_DISABLED","deleteProtectionState":"DELETE_PROTECTION_DISABLED","etag":"INK5ht+a9oEDMP6E1KGR9oED"}
[debug] [2023-10-14T18:52:15.126Z] database_type: FIRESTORE_NATIVE
[debug] [2023-10-14T18:52:15.127Z] > command requires scopes: ["email","openid","https://www.googleapis.com/auth/cloudplatformprojects.readonly","https://www.googleapis.com/auth/firebase","https://www.googleapis.com/auth/cloud-platform"]
[debug] [2023-10-14T18:52:15.128Z] > authorizing via signed-in user (harisahmed314@gmail.com)
[debug] [2023-10-14T18:52:15.128Z] [iam] checking project olxclone-4010f for permissions ["firebase.projects.get"]
[debug] [2023-10-14T18:52:15.130Z] >>> [apiv2][query] POST https://cloudresourcemanager.googleapis.com/v1/projects/olxclone-4010f:testIamPermissions [none]
[debug] [2023-10-14T18:52:15.130Z] >>> [apiv2][(partial)header] POST https://cloudresourcemanager.googleapis.com/v1/projects/olxclone-4010f:testIamPermissions x-goog-quota-user=projects/olxclone-4010f
[debug] [2023-10-14T18:52:15.130Z] >>> [apiv2][body] POST https://cloudresourcemanager.googleapis.com/v1/projects/olxclone-4010f:testIamPermissions {"permissions":["firebase.projects.get"]}
[debug] [2023-10-14T18:52:17.279Z] <<< [apiv2][status] POST https://cloudresourcemanager.googleapis.com/v1/projects/olxclone-4010f:testIamPermissions 200
[debug] [2023-10-14T18:52:17.280Z] <<< [apiv2][body] POST https://cloudresourcemanager.googleapis.com/v1/projects/olxclone-4010f:testIamPermissions {"permissions":["firebase.projects.get"]}
[info] 
[info] Firestore Security Rules allow you to define how and when to allow
[info] requests. You can keep these rules in your project directory
[info] and publish them with firebase deploy.
[info] 
[debug] [2023-10-14T18:52:27.791Z] >>> [apiv2][query] GET https://firebaserules.googleapis.com/v1/projects/olxclone-4010f/releases pageSize=10&pageToken=
[debug] [2023-10-14T18:52:29.462Z] <<< [apiv2][status] GET https://firebaserules.googleapis.com/v1/projects/olxclone-4010f/releases 200
[debug] [2023-10-14T18:52:29.462Z] <<< [apiv2][body] GET https://firebaserules.googleapis.com/v1/projects/olxclone-4010f/releases {"releases":[{"name":"projects/olxclone-4010f/releases/cloud.firestore","rulesetName":"projects/olxclone-4010f/rulesets/4e6e67ea-71cd-4fa9-b729-c991ed206e0c","createTime":"2023-10-11T06:08:04.330753Z","updateTime":"2023-10-14T07:33:26.838349Z"},{"name":"projects/olxclone-4010f/releases/firebase.storage/olxclone-4010f.appspot.com","rulesetName":"projects/olxclone-4010f/rulesets/e02e9e4b-fbc5-4e55-88c3-1c164a2a4f79","createTime":"2023-10-11T06:09:12.585312Z","updateTime":"2023-10-14T18:13:32.380276Z"}]}
[debug] [2023-10-14T18:52:29.463Z] Found ruleset: projects/olxclone-4010f/rulesets/4e6e67ea-71cd-4fa9-b729-c991ed206e0c
[debug] [2023-10-14T18:52:29.464Z] >>> [apiv2][query] GET https://firebaserules.googleapis.com/v1/projects/olxclone-4010f/rulesets/4e6e67ea-71cd-4fa9-b729-c991ed206e0c [none]
[debug] [2023-10-14T18:52:30.997Z] <<< [apiv2][status] GET https://firebaserules.googleapis.com/v1/projects/olxclone-4010f/rulesets/4e6e67ea-71cd-4fa9-b729-c991ed206e0c 200
[debug] [2023-10-14T18:52:30.998Z] <<< [apiv2][body] GET https://firebaserules.googleapis.com/v1/projects/olxclone-4010f/rulesets/4e6e67ea-71cd-4fa9-b729-c991ed206e0c [omitted]
[info] 
[info] Firestore indexes allow you to perform complex queries while
[info] maintaining performance that scales with the size of the result
[info] set. You can keep index definitions in your project directory
[info] and publish them with firebase deploy.
[info] 
[debug] [2023-10-14T18:52:39.404Z] >>> [apiv2][query] GET https://firestore.googleapis.com/v1/projects/olxclone-4010f/databases/(default)/collectionGroups/-/indexes [none]
[debug] [2023-10-14T18:52:39.437Z] >>> [apiv2][query] GET https://firestore.googleapis.com/v1/projects/olxclone-4010f/databases/(default)/collectionGroups/-/fields?filter=indexConfig.usesAncestorConfig=false OR ttlConfig:* [none]
[debug] [2023-10-14T18:52:41.444Z] <<< [apiv2][status] GET https://firestore.googleapis.com/v1/projects/olxclone-4010f/databases/(default)/collectionGroups/-/indexes 200
[debug] [2023-10-14T18:52:41.445Z] <<< [apiv2][body] GET https://firestore.googleapis.com/v1/projects/olxclone-4010f/databases/(default)/collectionGroups/-/indexes {}
[debug] [2023-10-14T18:52:41.446Z] <<< [apiv2][status] GET https://firestore.googleapis.com/v1/projects/olxclone-4010f/databases/(default)/collectionGroups/-/fields?filter=indexConfig.usesAncestorConfig=false OR ttlConfig:* 200
[debug] [2023-10-14T18:52:41.448Z] <<< [apiv2][body] GET https://firestore.googleapis.com/v1/projects/olxclone-4010f/databases/(default)/collectionGroups/-/fields?filter=indexConfig.usesAncestorConfig=false OR ttlConfig:* {"fields":[{"name":"projects/olxclone-4010f/databases/(default)/collectionGroups/__default__/fields/*","indexConfig":{"indexes":[{"queryScope":"COLLECTION","fields":[{"fieldPath":"*","order":"ASCENDING"}],"state":"READY"},{"queryScope":"COLLECTION","fields":[{"fieldPath":"*","order":"DESCENDING"}],"state":"READY"},{"queryScope":"COLLECTION","fields":[{"fieldPath":"*","arrayConfig":"CONTAINS"}],"state":"READY"}]}}]}
[info] 
=== Functions Setup
[debug] [2023-10-14T18:52:41.474Z] > command requires scopes: ["email","openid","https://www.googleapis.com/auth/cloudplatformprojects.readonly","https://www.googleapis.com/auth/firebase","https://www.googleapis.com/auth/cloud-platform"]
[debug] [2023-10-14T18:52:41.475Z] > authorizing via signed-in user (harisahmed314@gmail.com)
[debug] [2023-10-14T18:52:41.475Z] [iam] checking project olxclone-4010f for permissions ["firebase.projects.get"]
[debug] [2023-10-14T18:52:41.476Z] >>> [apiv2][query] POST https://cloudresourcemanager.googleapis.com/v1/projects/olxclone-4010f:testIamPermissions [none]
[debug] [2023-10-14T18:52:41.476Z] >>> [apiv2][(partial)header] POST https://cloudresourcemanager.googleapis.com/v1/projects/olxclone-4010f:testIamPermissions x-goog-quota-user=projects/olxclone-4010f
[debug] [2023-10-14T18:52:41.477Z] >>> [apiv2][body] POST https://cloudresourcemanager.googleapis.com/v1/projects/olxclone-4010f:testIamPermissions {"permissions":["firebase.projects.get"]}
[debug] [2023-10-14T18:52:43.951Z] <<< [apiv2][status] POST https://cloudresourcemanager.googleapis.com/v1/projects/olxclone-4010f:testIamPermissions 200
[debug] [2023-10-14T18:52:43.951Z] <<< [apiv2][body] POST https://cloudresourcemanager.googleapis.com/v1/projects/olxclone-4010f:testIamPermissions {"permissions":["firebase.projects.get"]}
[debug] [2023-10-14T18:52:43.953Z] >>> [apiv2][query] GET https://serviceusage.googleapis.com/v1/projects/olxclone-4010f/services/cloudfunctions.googleapis.com [none]
[debug] [2023-10-14T18:52:43.953Z] >>> [apiv2][(partial)header] GET https://serviceusage.googleapis.com/v1/projects/olxclone-4010f/services/cloudfunctions.googleapis.com x-goog-quota-user=projects/olxclone-4010f
[debug] [2023-10-14T18:52:43.964Z] >>> [apiv2][query] GET https://serviceusage.googleapis.com/v1/projects/olxclone-4010f/services/runtimeconfig.googleapis.com [none]
[debug] [2023-10-14T18:52:43.964Z] >>> [apiv2][(partial)header] GET https://serviceusage.googleapis.com/v1/projects/olxclone-4010f/services/runtimeconfig.googleapis.com x-goog-quota-user=projects/olxclone-4010f
[debug] [2023-10-14T18:52:45.890Z] <<< [apiv2][status] GET https://serviceusage.googleapis.com/v1/projects/olxclone-4010f/services/runtimeconfig.googleapis.com 200
[debug] [2023-10-14T18:52:45.891Z] <<< [apiv2][body] GET https://serviceusage.googleapis.com/v1/projects/olxclone-4010f/services/runtimeconfig.googleapis.com [omitted]
[debug] [2023-10-14T18:52:45.899Z] <<< [apiv2][status] GET https://serviceusage.googleapis.com/v1/projects/olxclone-4010f/services/cloudfunctions.googleapis.com 200
[debug] [2023-10-14T18:52:45.900Z] <<< [apiv2][body] GET https://serviceusage.googleapis.com/v1/projects/olxclone-4010f/services/cloudfunctions.googleapis.com [omitted]
[debug] [2023-10-14T18:52:45.901Z] >>> [apiv2][query] POST https://serviceusage.googleapis.com/v1/projects/olxclone-4010f/services/cloudfunctions.googleapis.com:enable [none]
[debug] [2023-10-14T18:52:45.902Z] >>> [apiv2][(partial)header] POST https://serviceusage.googleapis.com/v1/projects/olxclone-4010f/services/cloudfunctions.googleapis.com:enable x-goog-quota-user=projects/olxclone-4010f
[debug] [2023-10-14T18:52:48.161Z] <<< [apiv2][status] POST https://serviceusage.googleapis.com/v1/projects/olxclone-4010f/services/cloudfunctions.googleapis.com:enable 200
[debug] [2023-10-14T18:52:48.162Z] <<< [apiv2][body] POST https://serviceusage.googleapis.com/v1/projects/olxclone-4010f/services/cloudfunctions.googleapis.com:enable [omitted]
[debug] [2023-10-14T18:52:58.217Z] >>> [apiv2][query] GET https://serviceusage.googleapis.com/v1/projects/olxclone-4010f/services/cloudfunctions.googleapis.com [none]
[debug] [2023-10-14T18:52:58.218Z] >>> [apiv2][(partial)header] GET https://serviceusage.googleapis.com/v1/projects/olxclone-4010f/services/cloudfunctions.googleapis.com x-goog-quota-user=projects/olxclone-4010f
[debug] [2023-10-14T18:53:00.405Z] <<< [apiv2][status] GET https://serviceusage.googleapis.com/v1/projects/olxclone-4010f/services/cloudfunctions.googleapis.com 200
[debug] [2023-10-14T18:53:00.405Z] <<< [apiv2][body] GET https://serviceusage.googleapis.com/v1/projects/olxclone-4010f/services/cloudfunctions.googleapis.com [omitted]
[info] Let's create a new codebase for your functions.
[info] A directory corresponding to the codebase will be created in your project
[info] with sample code pre-configured.

[info] See https://firebase.google.com/docs/functions/organize-functions for
[info] more information on organizing your functions using codebases.

[info] Functions can be deployed with firebase deploy.

[info] +  Wrote functions/package.json 
[info] +  Wrote functions/index.js 
[info] +  Wrote functions/.gitignore 
[info] 
=== Hosting Setup
[info] 
[info] Your public directory is the folder (relative to your project directory) that
[info] will contain Hosting assets to be uploaded with firebase deploy. If you
[info] have a build process for your assets, use your build's output directory.
[info] 
[debug] [2023-10-14T18:59:58.311Z] >>> [apiv2][query] GET https://www.gstatic.com/firebasejs/releases.json [none]
[debug] [2023-10-14T18:59:59.161Z] <<< [apiv2][status] GET https://www.gstatic.com/firebasejs/releases.json 200
[debug] [2023-10-14T18:59:59.161Z] <<< [apiv2][body] GET https://www.gstatic.com/firebasejs/releases.json {"current":{"version":"10.5.0","browserURL":"https://www.gstatic.com/firebasejs/10.5.0/firebase.js","packageURL":"https://www.gstatic.com/firebasejs/10.5.0/firebase.tgz"},"live":{"version":"10.5","browserURL":"https://www.gstatic.com/firebasejs/live/10.5/firebase.js","packageURL":"https://www.gstatic.com/firebasejs/live/10.5/firebase.tgz"},"components":{"analytics":"https://www.gstatic.com/firebasejs/10.5.0/firebase-analytics.js","app":"https://www.gstatic.com/firebasejs/10.5.0/firebase-app.js","app-check":"https://www.gstatic.com/firebasejs/10.5.0/firebase-app-check.js","auth":"https://www.gstatic.com/firebasejs/10.5.0/firebase-auth.js","auth/cordova":"https://www.gstatic.com/firebasejs/10.5.0/firebase-auth/cordova.js","functions":"https://www.gstatic.com/firebasejs/10.5.0/firebase-functions.js","firestore":"https://www.gstatic.com/firebasejs/10.5.0/firebase-firestore.js","firestore/lite":"https://www.gstatic.com/firebasejs/10.5.0/firebase-firestore/lite.js","installations":"https://www.gstatic.com/firebasejs/10.5.0/firebase-installations.js","storage":"https://www.gstatic.com/firebasejs/10.5.0/firebase-storage.js","performance":"https://www.gstatic.com/firebasejs/10.5.0/firebase-performance.js","remote-config":"https://www.gstatic.com/firebasejs/10.5.0/firebase-remote-config.js","messaging":"https://www.gstatic.com/firebasejs/10.5.0/firebase-messaging.js","messaging/sw":"https://www.gstatic.com/firebasejs/10.5.0/firebase-messaging/sw.js","database":"https://www.gstatic.com/firebasejs/10.5.0/firebase-database.js","firestore.memory":"https://www.gstatic.com/firebasejs/10.5.0/firebase-firestore.memory.js"}}
[info] +  Wrote public/index.html 
[info] 
[info] i  Detected a .git folder at D:\next js project\olx_clone 
[info] i  Authorizing with GitHub to upload your service account to a GitHub repository's secrets store. 
[info] 
[info] Visit this URL on this device to log in:
[info] https://github.com/login/oauth/authorize?client_id=89cf50f02ac6aaed3484&state=326756032&redirect_uri=http%3A%2F%2Flocalhost%3A9005&scope=read%3Auser%20repo%20public_repo
[info] 
[info] Waiting for authentication...
[debug] [2023-10-14T19:00:28.784Z] >>> [apiv2][query] POST https://github.com/login/oauth/access_token [none]
[debug] [2023-10-14T19:00:28.784Z] >>> [apiv2][body] POST https://github.com/login/oauth/access_token [stream]
[debug] [2023-10-14T19:00:29.403Z] <<< [apiv2][status] POST https://github.com/login/oauth/access_token 200
[debug] [2023-10-14T19:00:29.403Z] <<< [apiv2][body] POST https://github.com/login/oauth/access_token {"access_token":"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","token_type":"bearer","scope":"read:user,repo"}
[debug] [2023-10-14T19:00:29.482Z] >>> [apiv2][query] GET https://api.github.com/user [none]
[debug] [2023-10-14T19:00:30.518Z] <<< [apiv2][status] GET https://api.github.com/user 200
[debug] [2023-10-14T19:00:30.518Z] <<< [apiv2][body] GET https://api.github.com/user {"login":"harisahmed314","id":126540025,"node_id":"U_kgDOB4rY-Q","avatar_url":"https://avatars.githubusercontent.com/u/126540025?v=4","gravatar_id":"","url":"https://api.github.com/users/harisahmed314","html_url":"https://github.com/harisahmed314","followers_url":"https://api.github.com/users/harisahmed314/followers","following_url":"https://api.github.com/users/harisahmed314/following{/other_user}","gists_url":"https://api.github.com/users/harisahmed314/gists{/gist_id}","starred_url":"https://api.github.com/users/harisahmed314/starred{/owner}{/repo}","subscriptions_url":"https://api.github.com/users/harisahmed314/subscriptions","organizations_url":"https://api.github.com/users/harisahmed314/orgs","repos_url":"https://api.github.com/users/harisahmed314/repos","events_url":"https://api.github.com/users/harisahmed314/events{/privacy}","received_events_url":"https://api.github.com/users/harisahmed314/received_events","type":"User","site_admin":false,"name":null,"company":null,"blog":"","location":null,"email":null,"hireable":null,"bio":null,"twitter_username":null,"public_repos":9,"public_gists":0,"followers":0,"following":0,"created_at":"2023-02-28T03:39:50Z","updated_at":"2023-09-20T04:23:35Z","private_gists":0,"total_private_repos":10,"owned_private_repos":10,"disk_usage":7679,"collaborators":0,"two_factor_authentication":false,"plan":{"name":"free","space":976562499,"collaborators":0,"private_repos":10000}}
[info] 
[info] +  Success! Logged into GitHub as harisahmed314 
[info] 
[debug] [2023-10-14T19:00:35.299Z] >>> [apiv2][query] GET https://api.github.com/repos//actions/secrets/public-key type=owner
[debug] [2023-10-14T19:00:36.854Z] <<< [apiv2][status] GET https://api.github.com/repos//actions/secrets/public-key 404
[debug] [2023-10-14T19:00:36.860Z] <<< [apiv2][body] GET https://api.github.com/repos//actions/secrets/public-key {"message":"Not Found","documentation_url":"https://docs.github.com/rest"}
[info] 
[info] 
[error] !  The provided authorization cannot be used with this repository. If this repository is in an organization, did you remember to grant access? 
[info] 
[info] i  Action required: Visit this URL to ensure access has been granted to the appropriate organization(s) for the Firebase CLI GitHub OAuth App: 
[info] https://github.com/settings/connections/applications/89cf50f02ac6aaed3484
[info] 
[debug] [2023-10-14T19:00:48.081Z] >>> [apiv2][query] GET https://api.github.com/repos//actions/secrets/public-key type=owner
[debug] [2023-10-14T19:00:49.330Z] <<< [apiv2][status] GET https://api.github.com/repos//actions/secrets/public-key 404
[debug] [2023-10-14T19:00:49.331Z] <<< [apiv2][body] GET https://api.github.com/repos//actions/secrets/public-key {"message":"Not Found","documentation_url":"https://docs.github.com/rest"}
[info] 
[info] 
[error] !  The provided authorization cannot be used with this repository. If this repository is in an organization, did you remember to grant access? 
[info] 
[info] i  Action required: Visit this URL to ensure access has been granted to the appropriate organization(s) for the Firebase CLI GitHub OAuth App: 
[info] https://github.com/settings/connections/applications/89cf50f02ac6aaed3484
[info] 
[debug] [2023-10-14T19:01:08.936Z] >>> [apiv2][query] GET https://api.github.com/repos/user/actions/secrets/public-key type=owner
[debug] [2023-10-14T19:01:10.004Z] <<< [apiv2][status] GET https://api.github.com/repos/user/actions/secrets/public-key 404
[debug] [2023-10-14T19:01:10.005Z] <<< [apiv2][body] GET https://api.github.com/repos/user/actions/secrets/public-key {"message":"Not Found","documentation_url":"https://docs.github.com/rest"}
[info] 
[info] 
[error] !  The provided authorization cannot be used with this repository. If this repository is in an organization, did you remember to grant access? 
[info] 
[info] i  Action required: Visit this URL to ensure access has been granted to the appropriate organization(s) for the Firebase CLI GitHub OAuth App: 
[info] https://github.com/settings/connections/applications/89cf50f02ac6aaed3484
[info] 
[debug] [2023-10-14T19:01:52.711Z] >>> [apiv2][query] GET https://api.github.com/repos/user/actions/secrets/public-key type=owner
[debug] [2023-10-14T19:01:53.782Z] <<< [apiv2][status] GET https://api.github.com/repos/user/actions/secrets/public-key 404
[debug] [2023-10-14T19:01:53.782Z] <<< [apiv2][body] GET https://api.github.com/repos/user/actions/secrets/public-key {"message":"Not Found","documentation_url":"https://docs.github.com/rest"}
[info] 
[info] 
[error] !  The provided authorization cannot be used with this repository. If this repository is in an organization, did you remember to grant access? 
[info] 
[info] i  Action required: Visit this URL to ensure access has been granted to the appropriate organization(s) for the Firebase CLI GitHub OAuth App: 
[info] https://github.com/settings/connections/applications/89cf50f02ac6aaed3484
[info] 
[debug] [2023-10-14T19:03:38.324Z] >>> [apiv2][query] GET https://api.github.com/repos/repository/actions/secrets/public-key type=owner
[debug] [2023-10-14T19:03:39.326Z] <<< [apiv2][status] GET https://api.github.com/repos/repository/actions/secrets/public-key 401
[debug] [2023-10-14T19:03:39.326Z] <<< [apiv2][body] GET https://api.github.com/repos/repository/actions/secrets/public-key {"message":"Bad credentials","documentation_url":"https://docs.github.com/rest"}
[debug] [2023-10-14T19:03:45.272Z] >>> [apiv2][query] GET https://api.github.com/repos/repository/actions/secrets/public-key type=owner
[debug] [2023-10-14T19:03:46.031Z] <<< [apiv2][status] GET https://api.github.com/repos/repository/actions/secrets/public-key 401
[debug] [2023-10-14T19:03:46.032Z] <<< [apiv2][body] GET https://api.github.com/repos/repository/actions/secrets/public-key {"message":"Bad credentials","documentation_url":"https://docs.github.com/rest"}
[debug] [2023-10-14T19:03:51.053Z] >>> [apiv2][query] GET https://api.github.com/repos//actions/secrets/public-key type=owner
[debug] [2023-10-14T19:03:51.752Z] <<< [apiv2][status] GET https://api.github.com/repos//actions/secrets/public-key 401
[debug] [2023-10-14T19:03:51.753Z] <<< [apiv2][body] GET https://api.github.com/repos//actions/secrets/public-key {"message":"Bad credentials","documentation_url":"https://docs.github.com/rest"}
[debug] [2023-10-14T19:03:52.233Z] >>> [apiv2][query] GET https://api.github.com/repos//actions/secrets/public-key type=owner
[debug] [2023-10-14T19:03:52.428Z] >>> [apiv2][query] GET https://api.github.com/repos//actions/secrets/public-key type=owner
[debug] [2023-10-14T19:03:52.658Z] >>> [apiv2][query] GET https://api.github.com/repos//actions/secrets/public-key type=owner
[debug] [2023-10-14T19:03:52.827Z] >>> [apiv2][query] GET https://api.github.com/repos//actions/secrets/public-key type=owner
[debug] [2023-10-14T19:03:53.076Z] <<< [apiv2][status] GET https://api.github.com/repos//actions/secrets/public-key 401
[debug] [2023-10-14T19:03:53.079Z] <<< [apiv2][body] GET https://api.github.com/repos//actions/secrets/public-key {"message":"Bad credentials","documentation_url":"https://docs.github.com/rest"}
[debug] [2023-10-14T19:03:53.262Z] <<< [apiv2][status] GET https://api.github.com/repos//actions/secrets/public-key 401
[debug] [2023-10-14T19:03:53.262Z] <<< [apiv2][body] GET https://api.github.com/repos//actions/secrets/public-key {"message":"Bad credentials","documentation_url":"https://docs.github.com/rest"}
[debug] [2023-10-14T19:03:53.486Z] <<< [apiv2][status] GET https://api.github.com/repos//actions/secrets/public-key 401
[debug] [2023-10-14T19:03:53.486Z] <<< [apiv2][body] GET https://api.github.com/repos//actions/secrets/public-key {"message":"Bad credentials","documentation_url":"https://docs.github.com/rest"}
[debug] [2023-10-14T19:03:53.671Z] <<< [apiv2][status] GET https://api.github.com/repos//actions/secrets/public-key 401
[debug] [2023-10-14T19:03:53.672Z] <<< [apiv2][body] GET https://api.github.com/repos//actions/secrets/public-key {"message":"Bad credentials","documentation_url":"https://docs.github.com/rest"}
[debug] [2023-10-14T19:04:53.370Z] >>> [apiv2][query] GET https://api.github.com/repos//actions/secrets/public-key type=owner
[debug] [2023-10-14T19:04:54.761Z] <<< [apiv2][status] GET https://api.github.com/repos//actions/secrets/public-key 401
[debug] [2023-10-14T19:04:54.761Z] <<< [apiv2][body] GET https://api.github.com/repos//actions/secrets/public-key {"message":"Bad credentials","documentation_url":"https://docs.github.com/rest"}
[debug] [2023-10-14T19:05:03.682Z] >>> [apiv2][query] GET https://api.github.com/repos/format:user/actions/secrets/public-key type=owner
[debug] [2023-10-14T19:05:04.590Z] <<< [apiv2][status] GET https://api.github.com/repos/format:user/actions/secrets/public-key 401
[debug] [2023-10-14T19:05:04.590Z] <<< [apiv2][body] GET https://api.github.com/repos/format:user/actions/secrets/public-key {"message":"Bad credentials","documentation_url":"https://docs.github.com/rest"}
[debug] [2023-10-14T19:05:06.622Z] >>> [apiv2][query] GET https://api.github.com/repos/format:user/actions/secrets/public-key type=owner
[debug] [2023-10-14T19:05:06.856Z] >>> [apiv2][query] GET https://api.github.com/repos//actions/secrets/public-key type=owner
[debug] [2023-10-14T19:05:07.018Z] >>> [apiv2][query] GET https://api.github.com/repos//actions/secrets/public-key type=owner
[debug] [2023-10-14T19:05:07.225Z] >>> [apiv2][query] GET https://api.github.com/repos//actions/secrets/public-key type=owner
[debug] [2023-10-14T19:05:07.389Z] >>> [apiv2][query] GET https://api.github.com/repos//actions/secrets/public-key type=owner
[debug] [2023-10-14T19:05:07.481Z] <<< [apiv2][status] GET https://api.github.com/repos/format:user/actions/secrets/public-key 401
[debug] [2023-10-14T19:05:07.482Z] <<< [apiv2][body] GET https://api.github.com/repos/format:user/actions/secrets/public-key {"message":"Bad credentials","documentation_url":"https://docs.github.com/rest"}
[debug] [2023-10-14T19:05:07.560Z] >>> [apiv2][query] GET https://api.github.com/repos/format:user/actions/secrets/public-key type=owner
[debug] [2023-10-14T19:05:07.699Z] <<< [apiv2][status] GET https://api.github.com/repos//actions/secrets/public-key 401
[debug] [2023-10-14T19:05:07.700Z] <<< [apiv2][body] GET https://api.github.com/repos//actions/secrets/public-key {"message":"Bad credentials","documentation_url":"https://docs.github.com/rest"}
[debug] [2023-10-14T19:05:07.721Z] <<< [apiv2][status] GET https://api.github.com/repos//actions/secrets/public-key 401
[debug] [2023-10-14T19:05:07.721Z] <<< [apiv2][body] GET https://api.github.com/repos//actions/secrets/public-key {"message":"Bad credentials","documentation_url":"https://docs.github.com/rest"}
[debug] [2023-10-14T19:05:07.753Z] >>> [apiv2][query] GET https://api.github.com/repos//actions/secrets/public-key type=owner
[debug] [2023-10-14T19:05:07.921Z] >>> [apiv2][query] GET https://api.github.com/repos//actions/secrets/public-key type=owner
[debug] [2023-10-14T19:05:08.019Z] <<< [apiv2][status] GET https://api.github.com/repos//actions/secrets/public-key 401
[debug] [2023-10-14T19:05:08.020Z] <<< [apiv2][body] GET https://api.github.com/repos//actions/secrets/public-key {"message":"Bad credentials","documentation_url":"https://docs.github.com/rest"}
[debug] [2023-10-14T19:05:08.113Z] >>> [apiv2][query] GET https://api.github.com/repos//actions/secrets/public-key type=owner
[debug] [2023-10-14T19:05:08.183Z] <<< [apiv2][status] GET https://api.github.com/repos/format:user/actions/secrets/public-key 401
[debug] [2023-10-14T19:05:08.183Z] <<< [apiv2][body] GET https://api.github.com/repos/format:user/actions/secrets/public-key {"message":"Bad credentials","documentation_url":"https://docs.github.com/rest"}
[debug] [2023-10-14T19:05:08.203Z] <<< [apiv2][status] GET https://api.github.com/repos//actions/secrets/public-key 401
[debug] [2023-10-14T19:05:08.203Z] <<< [apiv2][body] GET https://api.github.com/repos//actions/secrets/public-key {"message":"Bad credentials","documentation_url":"https://docs.github.com/rest"}
[debug] [2023-10-14T19:05:08.676Z] <<< [apiv2][status] GET https://api.github.com/repos//actions/secrets/public-key 401
[debug] [2023-10-14T19:05:08.676Z] <<< [apiv2][body] GET https://api.github.com/repos//actions/secrets/public-key {"message":"Bad credentials","documentation_url":"https://docs.github.com/rest"}
[debug] [2023-10-14T19:05:08.686Z] <<< [apiv2][status] GET https://api.github.com/repos//actions/secrets/public-key 401
[debug] [2023-10-14T19:05:08.686Z] <<< [apiv2][body] GET https://api.github.com/repos//actions/secrets/public-key {"message":"Bad credentials","documentation_url":"https://docs.github.com/rest"}
[debug] [2023-10-14T19:05:08.786Z] >>> [apiv2][query] GET https://api.github.com/repos/format:user/actions/secrets/public-key type=owner
[debug] [2023-10-14T19:05:09.038Z] <<< [apiv2][status] GET https://api.github.com/repos//actions/secrets/public-key 401
[debug] [2023-10-14T19:05:09.039Z] <<< [apiv2][body] GET https://api.github.com/repos//actions/secrets/public-key {"message":"Bad credentials","documentation_url":"https://docs.github.com/rest"}
[debug] [2023-10-14T19:05:09.171Z] >>> [apiv2][query] GET https://api.github.com/repos//actions/secrets/public-key type=owner
[debug] [2023-10-14T19:05:09.411Z] >>> [apiv2][query] GET https://api.github.com/repos//actions/secrets/public-key type=owner
[debug] [2023-10-14T19:05:09.636Z] <<< [apiv2][status] GET https://api.github.com/repos/format:user/actions/secrets/public-key 401
[debug] [2023-10-14T19:05:09.636Z] <<< [apiv2][body] GET https://api.github.com/repos/format:user/actions/secrets/public-key {"message":"Bad credentials","documentation_url":"https://docs.github.com/rest"}
[debug] [2023-10-14T19:05:09.740Z] >>> [apiv2][query] GET https://api.github.com/repos/format:user/actions/secrets/public-key type=owner
[debug] [2023-10-14T19:05:10.004Z] >>> [apiv2][query] GET https://api.github.com/repos//actions/secrets/public-key type=owner
[debug] [2023-10-14T19:05:10.093Z] <<< [apiv2][status] GET https://api.github.com/repos//actions/secrets/public-key 401
[debug] [2023-10-14T19:05:10.094Z] <<< [apiv2][body] GET https://api.github.com/repos//actions/secrets/public-key {"message":"Bad credentials","documentation_url":"https://docs.github.com/rest"}
[debug] [2023-10-14T19:05:10.236Z] <<< [apiv2][status] GET https://api.github.com/repos//actions/secrets/public-key 401
[debug] [2023-10-14T19:05:10.236Z] <<< [apiv2][body] GET https://api.github.com/repos//actions/secrets/public-key {"message":"Bad credentials","documentation_url":"https://docs.github.com/rest"}
[debug] [2023-10-14T19:05:10.240Z] >>> [apiv2][query] GET https://api.github.com/repos//actions/secrets/public-key type=owner
[debug] [2023-10-14T19:05:10.618Z] <<< [apiv2][status] GET https://api.github.com/repos/format:user/actions/secrets/public-key 401
[debug] [2023-10-14T19:05:10.620Z] <<< [apiv2][body] GET https://api.github.com/repos/format:user/actions/secrets/public-key {"message":"Bad credentials","documentation_url":"https://docs.github.com/rest"}
[debug] [2023-10-14T19:05:10.793Z] <<< [apiv2][status] GET https://api.github.com/repos//actions/secrets/public-key 401
[debug] [2023-10-14T19:05:10.794Z] <<< [apiv2][body] GET https://api.github.com/repos//actions/secrets/public-key {"message":"Bad credentials","documentation_url":"https://docs.github.com/rest"}
[debug] [2023-10-14T19:05:11.064Z] <<< [apiv2][status] GET https://api.github.com/repos//actions/secrets/public-key 401
[debug] [2023-10-14T19:05:11.064Z] <<< [apiv2][body] GET https://api.github.com/repos//actions/secrets/public-key {"message":"Bad credentials","documentation_url":"https://docs.github.com/rest"}
[debug] [2023-10-14T19:05:14.472Z] >>> [apiv2][query] GET https://api.github.com/repos/user/actions/secrets/public-key type=owner
[debug] [2023-10-14T19:05:15.423Z] <<< [apiv2][status] GET https://api.github.com/repos/user/actions/secrets/public-key 401
[debug] [2023-10-14T19:05:15.424Z] <<< [apiv2][body] GET https://api.github.com/repos/user/actions/secrets/public-key {"message":"Bad credentials","documentation_url":"https://docs.github.com/rest"}
[debug] [2023-10-14T19:05:33.539Z] >>> [apiv2][query] GET https://api.github.com/repos/u/actions/secrets/public-key type=owner
[debug] [2023-10-14T19:05:34.436Z] <<< [apiv2][status] GET https://api.github.com/repos/u/actions/secrets/public-key 401
[debug] [2023-10-14T19:05:34.437Z] <<< [apiv2][body] GET https://api.github.com/repos/u/actions/secrets/public-key {"message":"Bad credentials","documentation_url":"https://docs.github.com/rest"}
[debug] [2023-10-14T19:05:38.697Z] >>> [apiv2][query] GET https://api.github.com/repos/r/actions/secrets/public-key type=owner
[debug] [2023-10-14T19:05:39.434Z] <<< [apiv2][status] GET https://api.github.com/repos/r/actions/secrets/public-key 401
[debug] [2023-10-14T19:05:39.434Z] <<< [apiv2][body] GET https://api.github.com/repos/r/actions/secrets/public-key {"message":"Bad credentials","documentation_url":"https://docs.github.com/rest"}
